Arguments: 
  /usr/local/bin/node /usr/local/bin/yarn add --dev typescript

PATH: 
  /usr/local/Cellar/mongodb/4.0.2/bin:/usr/local/opt/icu4c/sbin:/usr/local/opt/icu4c/bin:/usr/local/bin:/usr/bin:/bin:/usr/sbin:/sbin:/usr/local/go/bin:/Library/Apple/usr/bin:/Applications/Wireshark.app/Contents/MacOS:/usr/local/Cellar/mongodb/4.0.2/bin:/usr/local/opt/icu4c/sbin:/usr/local/opt/icu4c/bin:/Library/gradle-3.5/bin:/Users/keboliu/env/maven/apache-maven-3.5.3/bin:/Library/gradle-3.5/bin:/Users/keboliu/env/maven/apache-maven-3.5.3/bin

Yarn version: 
  1.22.5

Node version: 
  11.6.0

Platform: 
  darwin x64

Trace: 
  Error: ENOENT: no such file or directory, copyfile '/Users/keboliu/Library/Caches/Yarn/v6/npm-color-convert-1.9.3-bb71850690e1f136567de629d2d5471deda4c1e8-integrity/node_modules/color-convert/CHANGELOG.md' -> '/Users/keboliu/GIT/vite-vue-3/node_modules/chalk/node_modules/color-convert/CHANGELOG.md'

npm manifest: 
  {
    "name": "vite-vue-3",
    "version": "0.0.0",
    "main": "src/main.js",
    "scripts": {
      "dev": "vite",
      "build": "vite build",
      "start": "ts-node-dev ./src/index.ts -P tsconfig.json --no-cache",
      "build:ts": "tsc -P tsconfig.json"
    },
    "dependencies": {
      "vue": "^3.0.0-rc.1"
    },
    "devDependencies": {
      "vite": "^1.0.0-rc.1",
      "@vue/compiler-sfc": "^3.0.0-rc.1"
    }
  }

yarn manifest: 
  No manifest

Lockfile: 
  No lockfile
